C51 COMPILER V9.55   OBSTACLEAVOIDER                                                       07/13/2016 12:06:36 PAGE 1   


C51 COMPILER V9.55, COMPILATION OF MODULE OBSTACLEAVOIDER
OBJECT MODULE PLACED IN .\Objects\obstacleavoider.obj
COMPILER INVOKED BY: D:\ROBOTICS\C51\BIN\C51.EXE obstacleavoider.c OMF2 OPTIMIZE(8,SPEED) BROWSE DEBUG PRINT(.\Listings\
                    -obstacleavoider.lst) TABS(2) OBJECT(.\Objects\obstacleavoider.obj)

line level    source

   1          #include<reg52.h>  //we need to include that header file for that particular microcontroller
   2          #include<stdio.h>
   3          #define lt 0x06;
   4          #define rt 0x09;
   5          #define st 0x0a;
   6          #define stop 0x00;
   7          #define rev 0x05;
   8          unsigned int a; //no need for the signs
   9          void delay(unsigned int t)
  10          {
  11   1      int i,j;
  12   1      for(i=0;i<t;i++)
  13   1      {
  14   2      for(j=0;j<1275;j++);
  15   2      }
  16   1      }
  17          void main()
  18          {
  19   1      while(1) //infinite loop
  20   1      {
  21   2        a=P1&0x03;
  22   2      if(a==0x01)
  23   2      {
  24   3      P2=rev;
  25   3      delay(50);
  26   3      P2=stop;
  27   3      delay(50);
  28   3      P2=lt;
  29   3        delay(150);
  30   3      }
  31   2      if(a==0x02)
  32   2      {
  33   3      P2=rev;
  34   3      delay(50);
  35   3      P2=stop;
  36   3      delay(50);
  37   3      P2=rt;
  38   3      delay(50);
  39   3      }
  40   2      if(a==0x03)
  41   2      {
  42   3      P2=stop;
  43   3      }
  44   2      if(a==0x00)
  45   2      {
  46   3        P2=st;
  47   3      }
  48   2      } 
  49   1      }


MODULE INFORMATION:   STATIC OVERLAYABLE
   CODE SIZE        =    108    ----
   CONSTANT SIZE    =   ----    ----
C51 COMPILER V9.55   OBSTACLEAVOIDER                                                       07/13/2016 12:06:36 PAGE 2   

   XDATA SIZE       =   ----    ----
   PDATA SIZE       =   ----    ----
   DATA SIZE        =      2    ----
   IDATA SIZE       =   ----    ----
   BIT SIZE         =   ----    ----
   EDATA SIZE       =   ----    ----
   HDATA SIZE       =   ----    ----
   XDATA CONST SIZE =   ----    ----
   FAR CONST SIZE   =   ----    ----
END OF MODULE INFORMATION.


C51 COMPILATION COMPLETE.  0 WARNING(S),  0 ERROR(S)
