C51 COMPILER V9.55   LINEFOLLOWERPROG                                                      07/12/2016 11:44:53 PAGE 1   


C51 COMPILER V9.55, COMPILATION OF MODULE LINEFOLLOWERPROG
OBJECT MODULE PLACED IN .\Objects\linefollowerprog.obj
COMPILER INVOKED BY: D:\ROBOTICS\C51\BIN\C51.EXE linefollowerprog.c OMF2 OPTIMIZE(8,SPEED) BROWSE DEBUG PRINT(.\Listings
                    -\linefollowerprog.lst) TABS(2) OBJECT(.\Objects\linefollowerprog.obj)

line level    source

   1          #include<reg52.h>
   2          #include<stdio.h>
   3          #define lt 0x06;
   4          #define rt 0x09;
   5          #define st 0x0a;
   6          #define stop 0x00;
   7          unsigned int a;
   8          void main()
   9          {
  10   1      while(1)
  11   1      {
  12   2      a=P1&0x03;
  13   2      if(a==0x01)
  14   2      {
  15   3      P2=lt;
  16   3      }
  17   2      if(a==0x02)
  18   2      {
  19   3      P2=rt;
  20   3      }
  21   2      if(a==0x03)
  22   2      {
  23   3      P2=st;
  24   3      }
  25   2      if(a==0x00)
  26   2      {
  27   3      P2=stop;
  28   3      }}}


MODULE INFORMATION:   STATIC OVERLAYABLE
   CODE SIZE        =     50    ----
   CONSTANT SIZE    =   ----    ----
   XDATA SIZE       =   ----    ----
   PDATA SIZE       =   ----    ----
   DATA SIZE        =      2    ----
   IDATA SIZE       =   ----    ----
   BIT SIZE         =   ----    ----
   EDATA SIZE       =   ----    ----
   HDATA SIZE       =   ----    ----
   XDATA CONST SIZE =   ----    ----
   FAR CONST SIZE   =   ----    ----
END OF MODULE INFORMATION.


C51 COMPILATION COMPLETE.  0 WARNING(S),  0 ERROR(S)
