C51 COMPILER V9.55   MAZESOLVER2                                                           07/15/2016 15:35:15 PAGE 1   


C51 COMPILER V9.55, COMPILATION OF MODULE MAZESOLVER2
OBJECT MODULE PLACED IN .\Objects\MazeSolver2.obj
COMPILER INVOKED BY: D:\ROBOTICS\C51\BIN\C51.EXE MazeSolver2.c OMF2 OPTIMIZE(8,SPEED) BROWSE DEBUG PRINT(.\Listings\Maze
                    -Solver2.lst) TABS(2) OBJECT(.\Objects\MazeSolver2.obj)

line level    source

   1          #include<reg52.h>
   2          #include<stdio.h>
   3          #define lt 0x02;
   4          #define rt 0x08;
   5          #define st 0x0a;
   6          unsigned int a;
   7          void main()
   8          {
   9   1      while(1)
  10   1      {
  11   2      a=P1&0X07;
  12   2      if(a==0x04)
  13   2      {
  14   3      P2=lt;
  15   3      }
  16   2      if(a==0x02)
  17   2      {
  18   3      P2=st;
  19   3      }
  20   2      if(a==0x03)
  21   2      {
  22   3      P2=rt;
  23   3      }
  24   2      if(a=0x00)
*** WARNING C276 IN LINE 24 OF MazeSolver2.c: constant in condition expression
  25   2      {
  26   3      P2=lt;
  27   3      }
  28   2      if(a==0x05)
  29   2      {
  30   3      P2=st;
  31   3      }
  32   2      if(a==0x06)
  33   2      {
  34   3      P2=lt;
  35   3      }
  36   2      if(a==0x07)
  37   2      {
  38   3      P2=lt;
  39   3      }
  40   2      if(a==0x01)
  41   2      {
  42   3      P2=rt;
  43   3      }
  44   2      }
  45   1      }
*** WARNING C294 IN LINE 26 OF MazeSolver2.c: unreachable code


MODULE INFORMATION:   STATIC OVERLAYABLE
   CODE SIZE        =     92    ----
   CONSTANT SIZE    =   ----    ----
   XDATA SIZE       =   ----    ----
   PDATA SIZE       =   ----    ----
C51 COMPILER V9.55   MAZESOLVER2                                                           07/15/2016 15:35:15 PAGE 2   

   DATA SIZE        =      2    ----
   IDATA SIZE       =   ----    ----
   BIT SIZE         =   ----    ----
   EDATA SIZE       =   ----    ----
   HDATA SIZE       =   ----    ----
   XDATA CONST SIZE =   ----    ----
   FAR CONST SIZE   =   ----    ----
END OF MODULE INFORMATION.


C51 COMPILATION COMPLETE.  2 WARNING(S),  0 ERROR(S)
