C51 COMPILER V9.55   MAZESOLVERR                                                           07/15/2016 13:06:54 PAGE 1   


C51 COMPILER V9.55, COMPILATION OF MODULE MAZESOLVERR
OBJECT MODULE PLACED IN .\Objects\mazesolverr.obj
COMPILER INVOKED BY: D:\ROBOTICS\C51\BIN\C51.EXE mazesolverr.c OMF2 OPTIMIZE(8,SPEED) BROWSE DEBUG PRINT(.\Listings\maze
                    -solverr.lst) TABS(2) OBJECT(.\Objects\mazesolverr.obj)

line level    source

   1          #include<reg52.h>  //we need to include that header file for that particular microcontroller
   2          #include<stdio.h>
   3          #define lt 0x06;
   4          #define rt 0x09;
   5          #define st 0x0a;
   6          #define stop 0x00;
   7          #define rev 0x05;
   8          unsigned int a; //no need for the signs
   9          void delay(unsigned int t)
  10          {
  11   1      int i,j;
  12   1      for(i=0;i<t;i++) //when we delay (50) , 50 m sec it will give
  13   1      {
  14   2      for(j=0;j<1275;j++);
  15   2      }}
  16          void main()
  17          {
  18   1      while(1) //infinite loop
  19   1      {
  20   2      a=P1&&0x0F; //P1 is declared already under reg52 header file  0x03 is the masking value
  21   2      if(a==0x00)//end/intersection
  22   2      {
  23   3      P2=rev;
  24   3      delay(50);
  25   3        P2=lt;
  26   3        if((0x0D)||(0x0B))
  27   3        {
  28   4          P2=rev;
  29   4          delay(50);
  30   4          P2=lt;
  31   4        }
  32   3        
  33   3        else if(0x0F)
  34   3        {P2=rev;
  35   4          delay(50);
  36   4          P2=lt;
  37   4        }
  38   3      else if(0x00)
  39   3        {P2=stop;}
  40   3        }
  41   2      if(a==0x0F)//dead end
  42   2      {
  43   3      P2=lt;
  44   3      }
  45   2      
  46   2      if((a==0x01)||(a==0x03)||(a==0x07))
  47   2        {
  48   3      P2=lt;
  49   3          
  50   3          
  51   3      }
  52   2      if((a==0x08)||(a==0x0C)||(a==0x0E))
  53   2      {
  54   3        P2=st;
C51 COMPILER V9.55   MAZESOLVERR                                                           07/15/2016 13:06:54 PAGE 2   

  55   3        delay(50);
  56   3        if((0x0D)||(0x0B))
  57   3        {
  58   4          
  59   4          P2=st;
  60   4        }
  61   3      else if(0x0F)
  62   3      P2=rt;
  63   3      }
  64   2      if((0x0D)||(0x0B)||(0x09))
  65   2        {
  66   3          P2=st;
  67   3        }}}
  68          
  69          
*** WARNING C294 IN LINE 34 OF mazesolverr.c: unreachable code
*** WARNING C294 IN LINE 39 OF mazesolverr.c: unreachable code
*** WARNING C294 IN LINE 62 OF mazesolverr.c: unreachable code


MODULE INFORMATION:   STATIC OVERLAYABLE
   CODE SIZE        =    155    ----
   CONSTANT SIZE    =   ----    ----
   XDATA SIZE       =   ----    ----
   PDATA SIZE       =   ----    ----
   DATA SIZE        =      2    ----
   IDATA SIZE       =   ----    ----
   BIT SIZE         =   ----    ----
   EDATA SIZE       =   ----    ----
   HDATA SIZE       =   ----    ----
   XDATA CONST SIZE =   ----    ----
   FAR CONST SIZE   =   ----    ----
END OF MODULE INFORMATION.


C51 COMPILATION COMPLETE.  3 WARNING(S),  0 ERROR(S)
