C51 COMPILER V9.55   MAZESOLVER3                                                           07/15/2016 14:09:58 PAGE 1   


C51 COMPILER V9.55, COMPILATION OF MODULE MAZESOLVER3
OBJECT MODULE PLACED IN .\Objects\mazesolver3.obj
COMPILER INVOKED BY: D:\ROBOTICS\C51\BIN\C51.EXE mazesolver3.c OMF2 OPTIMIZE(8,SPEED) BROWSE DEBUG PRINT(.\Listings\maze
                    -solver3.lst) TABS(2) OBJECT(.\Objects\mazesolver3.obj)

line level    source

   1          #include <stdio.h>
   2          #include <reg52.h>
   3          #define lt 0x06;
   4          #define rt 0x09;
   5          #define st 0x0A;
   6          #define rev 0x05;
   7          #define stop 0x00;
   8          void delay(unsigned int t)
   9          {
  10   1      int i,j;
  11   1      for(i=0;i<t;i++)
  12   1      {
  13   2      for(j=0;j<1275;j++);
  14   2      }}
  15          void main()
  16          {
  17   1      unsigned int a;
  18   1        
  19   1      while(1)
  20   1      {
  21   2      a=P1&0x07;
  22   2      if((a==0x04)||(a==0x05))
  23   2      {
  24   3      P2=st;
  25   3      }
  26   2      
  27   2      if((a==0x01)||(a==0x02)||(a==0x03))
  28   2      {
  29   3      P2=stop;
  30   3      delay(50);
  31   3      P2=rev;
  32   3      delay(50);
  33   3      while(a!=0x05)
  34   3      {
  35   4      P2=lt;
  36   4        P2=stop;
  37   4      }
  38   3      
  39   3      delay(50);
  40   3      P2=st;
  41   3      }
  42   2      
  43   2      
  44   2      if(a==0x07)
  45   2      { P2=stop;
  46   3      delay(50);
  47   3        while(a!=0x05)
  48   3      {
  49   4      P2=lt;
  50   4        P2=stop;
  51   4      }
  52   3      
  53   3      delay(50);
  54   3      P2=st;
C51 COMPILER V9.55   MAZESOLVER3                                                           07/15/2016 14:09:58 PAGE 2   

  55   3      }
  56   2      
  57   2        
  58   2        
  59   2        if(a==0x06)
  60   2      {
  61   3      P2=stop;
  62   3      delay(30);
  63   3      P2=rev;
  64   3      delay(25);
  65   3      while(a!=0x05)
  66   3      {
  67   4      P2=rt;
  68   4        P2=stop;
  69   4      }
  70   3      delay(50);
  71   3      P2=st;
  72   3      }
  73   2      }}
  74          
  75          
  76          


MODULE INFORMATION:   STATIC OVERLAYABLE
   CODE SIZE        =    209    ----
   CONSTANT SIZE    =   ----    ----
   XDATA SIZE       =   ----    ----
   PDATA SIZE       =   ----    ----
   DATA SIZE        =   ----    ----
   IDATA SIZE       =   ----    ----
   BIT SIZE         =   ----    ----
   EDATA SIZE       =   ----    ----
   HDATA SIZE       =   ----    ----
   XDATA CONST SIZE =   ----    ----
   FAR CONST SIZE   =   ----    ----
END OF MODULE INFORMATION.


C51 COMPILATION COMPLETE.  0 WARNING(S),  0 ERROR(S)
